<?xml version="1.0" encoding="UTF-8"?>
<testng-results ignored="0" total="2" passed="2" failed="0" skipped="0">
  <reporter-output>
  </reporter-output>
  <suite started-at="2025-04-18T17:55:46 IST" name="Master Suite" finished-at="2025-04-18T17:57:52 IST" duration-ms="125582">
    <groups>
      <group name="Master">
        <method signature="TC001_AccountRegistraionTest.verify_account_registration()[pri:0, instance:testCases.TC001_AccountRegistraionTest@4febb875]" name="verify_account_registration" class="testCases.TC001_AccountRegistraionTest"/>
        <method signature="TC002_LoginTest.verify_login()[pri:0, instance:testCases.TC002_LoginTest@63b1d4fa]" name="verify_login" class="testCases.TC002_LoginTest"/>
      </group> <!-- Master -->
      <group name="Sanity">
        <method signature="TC002_LoginTest.verify_login()[pri:0, instance:testCases.TC002_LoginTest@63b1d4fa]" name="verify_login" class="testCases.TC002_LoginTest"/>
      </group> <!-- Sanity -->
      <group name="Regression">
        <method signature="TC001_AccountRegistraionTest.verify_account_registration()[pri:0, instance:testCases.TC001_AccountRegistraionTest@4febb875]" name="verify_account_registration" class="testCases.TC001_AccountRegistraionTest"/>
      </group> <!-- Regression -->
    </groups>
    <test started-at="2025-04-18T17:55:46 IST" name="Test" finished-at="2025-04-18T17:57:52 IST" duration-ms="125582">
      <class name="testCases.TC002_LoginTest">
        <test-method is-config="true" signature="setUp(java.lang.String,java.lang.String)[pri:0, instance:testCases.TC002_LoginTest@63b1d4fa]" started-at="2025-04-18T17:57:24 IST" name="setUp" finished-at="2025-04-18T17:57:43 IST" duration-ms="19500" status="PASS">
          <params>
            <param index="0">
              <value>
                <![CDATA[Windows]]>
              </value>
            </param>
            <param index="1">
              <value>
                <![CDATA[chrome]]>
              </value>
            </param>
          </params>
          <reporter-output>
          </reporter-output>
        </test-method> <!-- setUp -->
        <test-method signature="verify_login()[pri:0, instance:testCases.TC002_LoginTest@63b1d4fa]" started-at="2025-04-18T17:57:43 IST" name="verify_login" finished-at="2025-04-18T17:57:49 IST" duration-ms="5629" status="PASS">
          <reporter-output>
          </reporter-output>
        </test-method> <!-- verify_login -->
        <test-method is-config="true" signature="tearDown()[pri:0, instance:testCases.TC002_LoginTest@63b1d4fa]" started-at="2025-04-18T17:57:49 IST" name="tearDown" finished-at="2025-04-18T17:57:52 IST" duration-ms="2857" status="PASS">
          <reporter-output>
          </reporter-output>
        </test-method> <!-- tearDown -->
      </class> <!-- testCases.TC002_LoginTest -->
      <class name="testCases.TC001_AccountRegistraionTest">
        <test-method is-config="true" signature="setUp(java.lang.String,java.lang.String)[pri:0, instance:testCases.TC001_AccountRegistraionTest@4febb875]" started-at="2025-04-18T17:55:47 IST" name="setUp" finished-at="2025-04-18T17:57:06 IST" duration-ms="78841" status="PASS">
          <params>
            <param index="0">
              <value>
                <![CDATA[Windows]]>
              </value>
            </param>
            <param index="1">
              <value>
                <![CDATA[chrome]]>
              </value>
            </param>
          </params>
          <reporter-output>
          </reporter-output>
        </test-method> <!-- setUp -->
        <test-method signature="verify_account_registration()[pri:0, instance:testCases.TC001_AccountRegistraionTest@4febb875]" started-at="2025-04-18T17:57:06 IST" name="verify_account_registration" finished-at="2025-04-18T17:57:19 IST" duration-ms="13057" status="PASS">
          <reporter-output>
          </reporter-output>
        </test-method> <!-- verify_account_registration -->
        <test-method is-config="true" signature="tearDown()[pri:0, instance:testCases.TC001_AccountRegistraionTest@4febb875]" started-at="2025-04-18T17:57:19 IST" name="tearDown" finished-at="2025-04-18T17:57:24 IST" duration-ms="4549" status="PASS">
          <reporter-output>
          </reporter-output>
        </test-method> <!-- tearDown -->
      </class> <!-- testCases.TC001_AccountRegistraionTest -->
    </test> <!-- Test -->
  </suite> <!-- Master Suite -->
</testng-results>
